
Showing logs for build [32mcb-kubecd-environment-pr-192-14-tbf5f-1[0m stage [32mfrom-build-pack[0m and container [32mstep-credential-initializer-n7kr2[0m
{"level":"warn","ts":1585691196.3201482,"logger":"fallback-logger","caller":"logging/config.go:69","msg":"Fetch GitHub commit ID from kodata failed: \"ref: refs/heads/0.8.0-**-support-backwards-incompats\" is not a valid GitHub commit ID"}
{"level":"info","ts":1585691196.3206549,"logger":"fallback-logger","caller":"creds-init/main.go:40","msg":"Credentials initialized."}

Showing logs for build [32mcb-kubecd-environment-pr-192-14-tbf5f-1[0m stage [32mfrom-build-pack[0m and container [32mstep-working-dir-initializer-rg8b2[0m
{"level":"warn","ts":1585691197.322391,"logger":"fallback-logger","caller":"logging/config.go:69","msg":"Fetch GitHub commit ID from kodata failed: open /var/run/ko/HEAD: no such file or directory"}
{"level":"info","ts":1585691197.324245,"logger":"fallback-logger","caller":"bash/main.go:64","msg":"Successfully executed command \"sh -c mkdir -p /workspace/source\"; output "}

Showing logs for build [32mcb-kubecd-environment-pr-192-14-tbf5f-1[0m stage [32mfrom-build-pack[0m and container [32mstep-place-tools[0m

Showing logs for build [32mcb-kubecd-environment-pr-192-14-tbf5f-1[0m stage [32mfrom-build-pack[0m and container [32mstep-git-source-cb-kubecd-environment-pr-192-14-tbf5f-nbfgj[0m
{"level":"warn","ts":1585691202.413409,"logger":"fallback-logger","caller":"logging/config.go:69","msg":"Fetch GitHub commit ID from kodata failed: \"ref: refs/heads/0.8.0-**-support-backwards-incompats\" is not a valid GitHub commit ID"}
{"level":"info","ts":1585691203.5351033,"logger":"fallback-logger","caller":"git/git.go:103","msg":"Successfully cloned https://github.com/cb-kubecd/environment-pr-192-14-boot-vault-gke-staging.git @ master in path /workspace/source"}

Showing logs for build [32mcb-kubecd-environment-pr-192-14-tbf5f-1[0m stage [32mfrom-build-pack[0m and container [32mstep-git-merge[0m
Using SHAs from PULL_REFS=master:79d9c2e78e87e7fc2edf1a16ffbd2dfe7cbaf180,4:54efa73f6f9baf49105caba683cbb7b81d3d442e
DEBUG: LC_ALL=C JX_LOG_LEVEL=error git fetch origin --unshallow 54efa73f6f9baf49105caba683cbb7b81d3d442e: 79d9c2e78e87e7fc2edf1a16ffbd2dfe7cbaf180:
DEBUG: ran git fetch --unshallow origin 54efa73f6f9baf49105caba683cbb7b81d3d442e: 79d9c2e78e87e7fc2edf1a16ffbd2dfe7cbaf180: in 
DEBUG: JX_LOG_LEVEL=error LC_ALL=C git branch
DEBUG: LC_ALL=C JX_LOG_LEVEL=error git checkout master
DEBUG: ran git checkout master in 
DEBUG: JX_LOG_LEVEL=error LC_ALL=C git reset --hard 79d9c2e78e87e7fc2edf1a16ffbd2dfe7cbaf180
DEBUG: ran git reset --hard 79d9c2e78e87e7fc2edf1a16ffbd2dfe7cbaf180 in 
DEBUG: LC_ALL=C JX_LOG_LEVEL=error git clean -fd .
DEBUG: ran clean --force -d . in 
DEBUG: LC_ALL=C JX_LOG_LEVEL=error git merge 54efa73f6f9baf49105caba683cbb7b81d3d442e
DEBUG: ran git merge 54efa73f6f9baf49105caba683cbb7b81d3d442e in 
DEBUG: JX_LOG_LEVEL=error LC_ALL=C git log --format=%H%x1f%an%x1f%ae%x1f%cn%x1f%ce%x1f%s%n%b%x1e 79d9c2e78e87e7fc2edf1a16ffbd2dfe7cbaf180..HEAD
Merged SHA 54efa73f6f9baf49105caba683cbb7b81d3d442e with commit message 'chore: Promote bdd-gh-1585688683 to version 0.0.1' into base branch master

Showing logs for build [32mcb-kubecd-environment-pr-192-14-tbf5f-1[0m stage [32mfrom-build-pack[0m and container [32mstep-build-helm-build[0m
WARNING: No $CHART_REPOSITORY defined so using the default value of: http://jenkins-x-chartmuseum:8080
Adding missing Helm repo: storage.googleapis.com https://storage.googleapis.com/chartmuseum.jenkins-x.io
WARNING: No secrets found on "helm/repos" due: reading the secret "helm/repos" from vault: no secret "helm/repos" not found in vault
Read credentials for https://storage.googleapis.com/chartmuseum.jenkins-x.io from vault helm/repos
Successfully added Helm repository storage.googleapis.com.
Adding missing Helm repo: jenkins-x-chartmuseum http://jenkins-x-chartmuseum:8080
WARNING: No secrets found on "helm/repos" due: reading the secret "helm/repos" from vault: no secret "helm/repos" not found in vault
Read credentials for http://jenkins-x-chartmuseum:8080 from vault helm/repos
Successfully added Helm repository jenkins-x-chartmuseum.
WARNING: No $CHART_REPOSITORY defined so using the default value of: http://jenkins-x-chartmuseum:8080
Adding missing Helm repo: chartmuseum.jenkins-x.io http://chartmuseum.jenkins-x.io
WARNING: No secrets found on "helm/repos" due: reading the secret "helm/repos" from vault: no secret "helm/repos" not found in vault
Read credentials for http://chartmuseum.jenkins-x.io from vault helm/repos
Successfully added Helm repository chartmuseum.jenkins-x.io.
