
Showing logs for build [32mcb-kubecd-environment-pr-192-14-xvtxc-1[0m stage [32mfrom-build-pack[0m and container [32mstep-credential-initializer-h75pf[0m
{"level":"warn","ts":1585689062.7832422,"logger":"fallback-logger","caller":"logging/config.go:69","msg":"Fetch GitHub commit ID from kodata failed: \"ref: refs/heads/0.8.0-**-support-backwards-incompats\" is not a valid GitHub commit ID"}
{"level":"info","ts":1585689062.7906153,"logger":"fallback-logger","caller":"creds-init/main.go:40","msg":"Credentials initialized."}

Showing logs for build [32mcb-kubecd-environment-pr-192-14-xvtxc-1[0m stage [32mfrom-build-pack[0m and container [32mstep-working-dir-initializer-4pl2b[0m
{"level":"warn","ts":1585689064.303273,"logger":"fallback-logger","caller":"logging/config.go:69","msg":"Fetch GitHub commit ID from kodata failed: open /var/run/ko/HEAD: no such file or directory"}
{"level":"info","ts":1585689064.3175879,"logger":"fallback-logger","caller":"bash/main.go:64","msg":"Successfully executed command \"sh -c mkdir -p /workspace/source\"; output "}

Showing logs for build [32mcb-kubecd-environment-pr-192-14-xvtxc-1[0m stage [32mfrom-build-pack[0m and container [32mstep-place-tools[0m

Showing logs for build [32mcb-kubecd-environment-pr-192-14-xvtxc-1[0m stage [32mfrom-build-pack[0m and container [32mstep-git-source-cb-kubecd-environment-pr-192-14-xvtxc-ckl5b[0m
{"level":"warn","ts":1585689068.4515789,"logger":"fallback-logger","caller":"logging/config.go:69","msg":"Fetch GitHub commit ID from kodata failed: \"ref: refs/heads/0.8.0-**-support-backwards-incompats\" is not a valid GitHub commit ID"}
{"level":"info","ts":1585689069.5065727,"logger":"fallback-logger","caller":"git/git.go:103","msg":"Successfully cloned https://github.com/cb-kubecd/environment-pr-192-14-boot-vault-gke-staging.git @ master in path /workspace/source"}

Showing logs for build [32mcb-kubecd-environment-pr-192-14-xvtxc-1[0m stage [32mfrom-build-pack[0m and container [32mstep-git-merge[0m
Using SHAs from PULL_REFS=master:b86ef08d95644c94749a8e7a68fdccb22a266aea,2:d426ae3f13f985ac5849244b84021e39ce586561
DEBUG: LC_ALL=C JX_LOG_LEVEL=error git fetch origin --unshallow d426ae3f13f985ac5849244b84021e39ce586561: b86ef08d95644c94749a8e7a68fdccb22a266aea:
DEBUG: ran git fetch --unshallow origin d426ae3f13f985ac5849244b84021e39ce586561: b86ef08d95644c94749a8e7a68fdccb22a266aea: in 
DEBUG: LC_ALL=C JX_LOG_LEVEL=error git branch
DEBUG: LC_ALL=C JX_LOG_LEVEL=error git checkout master
DEBUG: ran git checkout master in 
DEBUG: LC_ALL=C JX_LOG_LEVEL=error git reset --hard b86ef08d95644c94749a8e7a68fdccb22a266aea
DEBUG: ran git reset --hard b86ef08d95644c94749a8e7a68fdccb22a266aea in 
DEBUG: LC_ALL=C JX_LOG_LEVEL=error git clean -fd .
DEBUG: ran clean --force -d . in 
DEBUG: LC_ALL=C JX_LOG_LEVEL=error git merge d426ae3f13f985ac5849244b84021e39ce586561
DEBUG: ran git merge d426ae3f13f985ac5849244b84021e39ce586561 in 
DEBUG: LC_ALL=C JX_LOG_LEVEL=error git log --format=%H%x1f%an%x1f%ae%x1f%cn%x1f%ce%x1f%s%n%b%x1e b86ef08d95644c94749a8e7a68fdccb22a266aea..HEAD
Merged SHA d426ae3f13f985ac5849244b84021e39ce586561 with commit message 'chore: Promote bdd-nh-1585688683 to version 0.0.1' into base branch master

Showing logs for build [32mcb-kubecd-environment-pr-192-14-xvtxc-1[0m stage [32mfrom-build-pack[0m and container [32mstep-build-helm-build[0m
WARNING: No $CHART_REPOSITORY defined so using the default value of: http://jenkins-x-chartmuseum:8080
Adding missing Helm repo: storage.googleapis.com https://storage.googleapis.com/chartmuseum.jenkins-x.io
WARNING: No secrets found on "helm/repos" due: reading the secret "helm/repos" from vault: no secret "helm/repos" not found in vault
Read credentials for https://storage.googleapis.com/chartmuseum.jenkins-x.io from vault helm/repos
Successfully added Helm repository storage.googleapis.com.
Adding missing Helm repo: jenkins-x-chartmuseum http://jenkins-x-chartmuseum:8080
WARNING: No secrets found on "helm/repos" due: reading the secret "helm/repos" from vault: no secret "helm/repos" not found in vault
Read credentials for http://jenkins-x-chartmuseum:8080 from vault helm/repos
Successfully added Helm repository jenkins-x-chartmuseum.
WARNING: No $CHART_REPOSITORY defined so using the default value of: http://jenkins-x-chartmuseum:8080
Adding missing Helm repo: chartmuseum.jenkins-x.io http://chartmuseum.jenkins-x.io
WARNING: No secrets found on "helm/repos" due: reading the secret "helm/repos" from vault: no secret "helm/repos" not found in vault
Read credentials for http://chartmuseum.jenkins-x.io from vault helm/repos
Successfully added Helm repository chartmuseum.jenkins-x.io.
