
Showing logs for build [32mcb-kubecd-environment-pr-192-14-5cs2s-1[0m stage [32mfrom-build-pack[0m and container [32mstep-credential-initializer-7zrvg[0m
{"level":"warn","ts":1585687381.529,"logger":"fallback-logger","caller":"logging/config.go:69","msg":"Fetch GitHub commit ID from kodata failed: \"ref: refs/heads/0.8.0-**-support-backwards-incompats\" is not a valid GitHub commit ID"}
{"level":"info","ts":1585687381.5332778,"logger":"fallback-logger","caller":"creds-init/main.go:40","msg":"Credentials initialized."}

Showing logs for build [32mcb-kubecd-environment-pr-192-14-5cs2s-1[0m stage [32mfrom-build-pack[0m and container [32mstep-working-dir-initializer-jff2l[0m
{"level":"warn","ts":1585687382.451502,"logger":"fallback-logger","caller":"logging/config.go:69","msg":"Fetch GitHub commit ID from kodata failed: open /var/run/ko/HEAD: no such file or directory"}
{"level":"info","ts":1585687382.454268,"logger":"fallback-logger","caller":"bash/main.go:64","msg":"Successfully executed command \"sh -c mkdir -p /workspace/source\"; output "}

Showing logs for build [32mcb-kubecd-environment-pr-192-14-5cs2s-1[0m stage [32mfrom-build-pack[0m and container [32mstep-place-tools[0m

Showing logs for build [32mcb-kubecd-environment-pr-192-14-5cs2s-1[0m stage [32mfrom-build-pack[0m and container [32mstep-git-source-cb-kubecd-environment-pr-192-14-5cs2s-s2csc[0m
{"level":"warn","ts":1585687387.635111,"logger":"fallback-logger","caller":"logging/config.go:69","msg":"Fetch GitHub commit ID from kodata failed: \"ref: refs/heads/0.8.0-**-support-backwards-incompats\" is not a valid GitHub commit ID"}
{"level":"info","ts":1585687388.7141817,"logger":"fallback-logger","caller":"git/git.go:103","msg":"Successfully cloned https://github.com/cb-kubecd/environment-pr-192-14-boot-vault-gke-staging.git @ master in path /workspace/source"}

Showing logs for build [32mcb-kubecd-environment-pr-192-14-5cs2s-1[0m stage [32mfrom-build-pack[0m and container [32mstep-git-merge[0m
Using SHAs from PULL_REFS=master:04ca442188f38a433d52efbd659dbb0a28e4aeed,1:3b4ef833cc04bb96bad4454b95f3ea7e9bc2e5cd
DEBUG: LC_ALL=C JX_LOG_LEVEL=error git fetch origin --unshallow 3b4ef833cc04bb96bad4454b95f3ea7e9bc2e5cd: 04ca442188f38a433d52efbd659dbb0a28e4aeed:
DEBUG: ran git fetch --unshallow origin 3b4ef833cc04bb96bad4454b95f3ea7e9bc2e5cd: 04ca442188f38a433d52efbd659dbb0a28e4aeed: in 
DEBUG: LC_ALL=C JX_LOG_LEVEL=error git branch
DEBUG: LC_ALL=C JX_LOG_LEVEL=error git checkout master
DEBUG: ran git checkout master in 
DEBUG: LC_ALL=C JX_LOG_LEVEL=error git reset --hard 04ca442188f38a433d52efbd659dbb0a28e4aeed
DEBUG: ran git reset --hard 04ca442188f38a433d52efbd659dbb0a28e4aeed in 
DEBUG: JX_LOG_LEVEL=error LC_ALL=C git clean -fd .
DEBUG: ran clean --force -d . in 
DEBUG: LC_ALL=C JX_LOG_LEVEL=error git merge 3b4ef833cc04bb96bad4454b95f3ea7e9bc2e5cd
DEBUG: ran git merge 3b4ef833cc04bb96bad4454b95f3ea7e9bc2e5cd in 
DEBUG: LC_ALL=C JX_LOG_LEVEL=error git log --format=%H%x1f%an%x1f%ae%x1f%cn%x1f%ce%x1f%s%n%b%x1e 04ca442188f38a433d52efbd659dbb0a28e4aeed..HEAD
Merged SHA 3b4ef833cc04bb96bad4454b95f3ea7e9bc2e5cd with commit message 'chore: Promote bdd-spring-1585686875 to version 0.0.1' into base branch master

Showing logs for build [32mcb-kubecd-environment-pr-192-14-5cs2s-1[0m stage [32mfrom-build-pack[0m and container [32mstep-build-helm-build[0m
WARNING: No $CHART_REPOSITORY defined so using the default value of: http://jenkins-x-chartmuseum:8080
Adding missing Helm repo: storage.googleapis.com https://storage.googleapis.com/chartmuseum.jenkins-x.io
WARNING: No secrets found on "helm/repos" due: reading the secret "helm/repos" from vault: no secret "helm/repos" not found in vault
Read credentials for https://storage.googleapis.com/chartmuseum.jenkins-x.io from vault helm/repos
Successfully added Helm repository storage.googleapis.com.
Adding missing Helm repo: jenkins-x-chartmuseum http://jenkins-x-chartmuseum:8080
WARNING: No secrets found on "helm/repos" due: reading the secret "helm/repos" from vault: no secret "helm/repos" not found in vault
Read credentials for http://jenkins-x-chartmuseum:8080 from vault helm/repos
Successfully added Helm repository jenkins-x-chartmuseum.
WARNING: No $CHART_REPOSITORY defined so using the default value of: http://jenkins-x-chartmuseum:8080
Adding missing Helm repo: chartmuseum.jenkins-x.io http://chartmuseum.jenkins-x.io
WARNING: No secrets found on "helm/repos" due: reading the secret "helm/repos" from vault: no secret "helm/repos" not found in vault
Read credentials for http://chartmuseum.jenkins-x.io from vault helm/repos
Successfully added Helm repository chartmuseum.jenkins-x.io.
